1637310626371	geckodriver	INFO	Listening on 127.0.0.1:58312
1637310626913	mozrunner::runner	INFO	Running command: "C:\\Program Files\\Mozilla Firefox\\firefox.exe" "--marionette" "-no-remote" "-profile" "C:\\Users\\Nikitin\\AppData\\Local\\Temp\\rust_mozprofilelRmW2b"
1637310627622	Marionette	INFO	Marionette enabled
console.warn: SearchSettings: "get: No settings file exists, new profile?" (new NotFoundError("Could not open the file at C:\\Users\\Nikitin\\AppData\\Local\\Temp\\rust_mozprofilelRmW2b\\search.json.mozlz4", (void 0)))
1637310630196	Marionette	INFO	Listening on port 58317
1637310630645	RemoteAgent	WARN	TLS certificate errors will be ignored for this session
JavaScript error: http://selenium1py.pythonanywhere.com/en-gb/, line 758: ReferenceError: oscar is not defined
JavaScript error: http://selenium1py.pythonanywhere.com/en-gb/accounts/login/, line 624: ReferenceError: oscar is not defined
1637310632963	Marionette	INFO	Stopped listening on port 58317
1637319959523	geckodriver	INFO	Listening on 127.0.0.1:62604
1637319960096	mozrunner::runner	INFO	Running command: "C:\\Program Files\\Mozilla Firefox\\firefox.exe" "--marionette" "-no-remote" "-profile" "C:\\Users\\Nikitin\\AppData\\Local\\Temp\\rust_mozprofilel66hgw"
1637319961178	Marionette	INFO	Marionette enabled
console.warn: SearchSettings: "get: No settings file exists, new profile?" (new NotFoundError("Could not open the file at C:\\Users\\Nikitin\\AppData\\Local\\Temp\\rust_mozprofilel66hgw\\search.json.mozlz4", (void 0)))
1637319964253	Marionette	INFO	Listening on port 62610
1637319964366	RemoteAgent	WARN	TLS certificate errors will be ignored for this session
1637319964390	Marionette	INFO	Stopped listening on port 62610
console.error: services.settings: 
  main/query-stripping Signature failed  TypeError: NetworkError: Network request failed
1637320001770	geckodriver	INFO	Listening on 127.0.0.1:55850
1637320002313	mozrunner::runner	INFO	Running command: "C:\\Program Files\\Mozilla Firefox\\firefox.exe" "--marionette" "-no-remote" "-profile" "C:\\Users\\Nikitin\\AppData\\Local\\Temp\\rust_mozprofileNEcLLy"
1637320002777	Marionette	INFO	Marionette enabled
console.warn: SearchSettings: "get: No settings file exists, new profile?" (new NotFoundError("Could not open the file at C:\\Users\\Nikitin\\AppData\\Local\\Temp\\rust_mozprofileNEcLLy\\search.json.mozlz4", (void 0)))
1637320005506	Marionette	INFO	Listening on port 55856
1637320006030	RemoteAgent	WARN	TLS certificate errors will be ignored for this session
JavaScript error: http://selenium1py.pythonanywhere.com/en-gb/, line 758: ReferenceError: oscar is not defined
JavaScript error: http://selenium1py.pythonanywhere.com/en-gb/accounts/login/, line 624: ReferenceError: oscar is not defined
1637320008909	Marionette	INFO	Stopped listening on port 55856
1637573086724	geckodriver	INFO	Listening on 127.0.0.1:54440
1637573087314	mozrunner::runner	INFO	Running command: "C:\\Program Files\\Mozilla Firefox\\firefox.exe" "--marionette" "-no-remote" "-profile" "C:\\Users\\Nikitin\\AppData\\Local\\Temp\\rust_mozprofile8U5S9v"
1637573087721	Marionette	INFO	Marionette enabled
console.warn: SearchSettings: "get: No settings file exists, new profile?" (new NotFoundError("Could not open the file at C:\\Users\\Nikitin\\AppData\\Local\\Temp\\rust_mozprofile8U5S9v\\search.json.mozlz4", (void 0)))
1637573090073	Marionette	INFO	Listening on port 54454
1637573090519	RemoteAgent	WARN	TLS certificate errors will be ignored for this session
JavaScript error: http://selenium1py.pythonanywhere.com/en-gb/, line 758: ReferenceError: oscar is not defined
JavaScript error: http://selenium1py.pythonanywhere.com/en-gb/accounts/login/, line 624: ReferenceError: oscar is not defined
1637573093070	Marionette	INFO	Stopped listening on port 54454

###!!! [Parent][RunMessage] Error: Channel closing: too late to send/recv, messages will be lost

1637752659650	geckodriver	INFO	Listening on 127.0.0.1:61377
1637752660231	mozrunner::runner	INFO	Running command: "C:\\Program Files\\Mozilla Firefox\\firefox.exe" "--marionette" "-no-remote" "-profile" "C:\\Users\\Nikitin\\AppData\\Local\\Temp\\rust_mozprofilet609sP"
1637752661230	Marionette	INFO	Marionette enabled
console.warn: SearchSettings: "get: No settings file exists, new profile?" (new NotFoundError("Could not open the file at C:\\Users\\Nikitin\\AppData\\Local\\Temp\\rust_mozprofilet609sP\\search.json.mozlz4", (void 0)))
1637752663954	Marionette	INFO	Listening on port 61382
1637752664474	RemoteAgent	WARN	TLS certificate errors will be ignored for this session
JavaScript error: http://selenium1py.pythonanywhere.com/en-gb/, line 758: ReferenceError: oscar is not defined
JavaScript error: http://selenium1py.pythonanywhere.com/en-gb/accounts/login/, line 624: ReferenceError: oscar is not defined
1637752666657	Marionette	INFO	Stopped listening on port 61382
JavaScript error: resource://gre/modules/UrlClassifierListManager.jsm, line 691: TypeError: this.tablesData[table] is undefined
1637826453837	geckodriver	INFO	Listening on 127.0.0.1:63514
1637826453873	mozrunner::runner	INFO	Running command: "C:\\Program Files\\Mozilla Firefox\\firefox.exe" "--marionette" "-no-remote" "-profile" "C:\\Users\\Nikitin\\AppData\\Local\\Temp\\rust_mozprofiledgG8lB"
1637826454860	Marionette	INFO	Marionette enabled
console.warn: SearchSettings: "get: No settings file exists, new profile?" (new NotFoundError("Could not open the file at C:\\Users\\Nikitin\\AppData\\Local\\Temp\\rust_mozprofiledgG8lB\\search.json.mozlz4", (void 0)))
1637826457833	Marionette	INFO	Listening on port 63519
1637826458114	RemoteAgent	WARN	TLS certificate errors will be ignored for this session
JavaScript error: http://selenium1py.pythonanywhere.com/en-gb/, line 758: ReferenceError: oscar is not defined
1637826460369	Marionette	INFO	Stopped listening on port 63519
1637826984265	geckodriver	INFO	Listening on 127.0.0.1:56980
1637826984311	mozrunner::runner	INFO	Running command: "C:\\Program Files\\Mozilla Firefox\\firefox.exe" "--marionette" "-no-remote" "-profile" "C:\\Users\\Nikitin\\AppData\\Local\\Temp\\rust_mozprofileM0AwuF"
1637826984827	Marionette	INFO	Marionette enabled
console.warn: SearchSettings: "get: No settings file exists, new profile?" (new NotFoundError("Could not open the file at C:\\Users\\Nikitin\\AppData\\Local\\Temp\\rust_mozprofileM0AwuF\\search.json.mozlz4", (void 0)))
1637826987466	Marionette	INFO	Listening on port 56985
1637826987529	RemoteAgent	WARN	TLS certificate errors will be ignored for this session
JavaScript error: http://selenium1py.pythonanywhere.com/en-gb/, line 758: ReferenceError: oscar is not defined
1637826989705	Marionette	INFO	Stopped listening on port 56985
1637827066767	geckodriver	INFO	Listening on 127.0.0.1:57053
1637827066809	mozrunner::runner	INFO	Running command: "C:\\Program Files\\Mozilla Firefox\\firefox.exe" "--marionette" "-no-remote" "-profile" "C:\\Users\\Nikitin\\AppData\\Local\\Temp\\rust_mozprofileSItvF1"
1637827067272	Marionette	INFO	Marionette enabled
console.warn: SearchSettings: "get: No settings file exists, new profile?" (new NotFoundError("Could not open the file at C:\\Users\\Nikitin\\AppData\\Local\\Temp\\rust_mozprofileSItvF1\\search.json.mozlz4", (void 0)))
1637827069846	Marionette	INFO	Listening on port 57058
1637827070005	RemoteAgent	WARN	TLS certificate errors will be ignored for this session
JavaScript error: http://selenium1py.pythonanywhere.com/en-gb/, line 758: ReferenceError: oscar is not defined
1637827071987	Marionette	INFO	Stopped listening on port 57058
1637828086785	geckodriver	INFO	Listening on 127.0.0.1:52527
1637828086809	mozrunner::runner	INFO	Running command: "C:\\Program Files\\Mozilla Firefox\\firefox.exe" "--marionette" "-no-remote" "-profile" "C:\\Users\\Nikitin\\AppData\\Local\\Temp\\rust_mozprofilemX7OLT"
1637828087336	Marionette	INFO	Marionette enabled
console.warn: SearchSettings: "get: No settings file exists, new profile?" (new NotFoundError("Could not open the file at C:\\Users\\Nikitin\\AppData\\Local\\Temp\\rust_mozprofilemX7OLT\\search.json.mozlz4", (void 0)))
1637828089922	Marionette	INFO	Listening on port 52532
1637828090031	RemoteAgent	WARN	TLS certificate errors will be ignored for this session
JavaScript error: http://selenium1py.pythonanywhere.com/en-gb/, line 758: ReferenceError: oscar is not defined
1637828091773	Marionette	INFO	Stopped listening on port 52532
1637828165064	geckodriver	INFO	Listening on 127.0.0.1:52753
1637828165114	mozrunner::runner	INFO	Running command: "C:\\Program Files\\Mozilla Firefox\\firefox.exe" "--marionette" "-no-remote" "-profile" "C:\\Users\\Nikitin\\AppData\\Local\\Temp\\rust_mozprofiled7fFlo"
1637828165583	Marionette	INFO	Marionette enabled
console.warn: SearchSettings: "get: No settings file exists, new profile?" (new NotFoundError("Could not open the file at C:\\Users\\Nikitin\\AppData\\Local\\Temp\\rust_mozprofiled7fFlo\\search.json.mozlz4", (void 0)))
1637828167958	Marionette	INFO	Listening on port 52760
1637828168332	RemoteAgent	WARN	TLS certificate errors will be ignored for this session
JavaScript error: http://selenium1py.pythonanywhere.com/en-gb/, line 758: ReferenceError: oscar is not defined
JavaScript error: http://selenium1py.pythonanywhere.com/en-gb/accounts/login/, line 624: ReferenceError: oscar is not defined
1637828170566	Marionette	INFO	Stopped listening on port 52760
